[2018-11-18 17:52:59][ulzrQwxqx4VaqXawhEWBypdnhgMXo7if] Processing: App\Mail\SubscriptionMail
[2018-11-18 17:52:59][LCH8EmAQrAucoG73FY09NiRhOLGDsUeV] Processing: App\Mail\SubscriptionMail
[2018-11-18 17:53:01][LCH8EmAQrAucoG73FY09NiRhOLGDsUeV] Processed:  App\Mail\SubscriptionMail
[2018-11-18 17:53:01][ulzrQwxqx4VaqXawhEWBypdnhgMXo7if] Processed:  App\Mail\SubscriptionMail
[2018-11-18 17:56:47][WIYkpQAdR2rjeWhkWisHckQ1LuBmr2qM] Processing: App\Mail\SubscriptionMail
[2018-11-18 17:56:49][IfjqQT67v6BYvUjD0SUTyDDXNb1BDo7v] Processing: App\Mail\SubscriptionMail
[2018-11-18 17:57:17][WIYkpQAdR2rjeWhkWisHckQ1LuBmr2qM] Processing: App\Mail\SubscriptionMail
[2018-11-18 17:57:19][IfjqQT67v6BYvUjD0SUTyDDXNb1BDo7v] Processing: App\Mail\SubscriptionMail
[2018-11-18 17:57:21][WIYkpQAdR2rjeWhkWisHckQ1LuBmr2qM] Processed:  App\Mail\SubscriptionMail
[2018-11-18 17:57:27][Ux89dpls8jil0j82j2LIsiNZXTz49wKg] Processing: App\Mail\SubscriptionMail
[2018-11-18 17:57:28][Ux89dpls8jil0j82j2LIsiNZXTz49wKg] Processed:  App\Mail\SubscriptionMail
[2018-11-18 17:57:28][WkfPQGqJRE8TOPGLfkO2xlJJm9umTmor] Processing: App\Mail\SubscriptionMail
[2018-11-18 17:57:49][IfjqQT67v6BYvUjD0SUTyDDXNb1BDo7v] Processing: App\Mail\SubscriptionMail
[2018-11-18 17:57:58][WkfPQGqJRE8TOPGLfkO2xlJJm9umTmor] Processing: App\Mail\SubscriptionMail
[2018-11-18 17:58:09][WkfPQGqJRE8TOPGLfkO2xlJJm9umTmor] Processed:  App\Mail\SubscriptionMail
[2018-11-18 17:58:19][IfjqQT67v6BYvUjD0SUTyDDXNb1BDo7v] Failed:     App\Mail\SubscriptionMail
[2018-11-18 17:59:52][etpNr9U14lPHiN2zWMqtaWA5NsBAmz0q] Processing: App\Mail\SubscriptionMail
[2018-11-18 17:59:52][qsbjqlMqLJMv0Xd1dBGJhqLBK9x6wg7Y] Processing: App\Mail\SubscriptionMail
[2018-11-18 17:59:54][etpNr9U14lPHiN2zWMqtaWA5NsBAmz0q] Processed:  App\Mail\SubscriptionMail
[2018-11-18 17:59:54][qsbjqlMqLJMv0Xd1dBGJhqLBK9x6wg7Y] Processed:  App\Mail\SubscriptionMail
[2018-11-18 18:00:09][H7JZyeZZADaGAZlTnBRgaq5nvDGCBkqs] Processing: App\Mail\SubscriptionMail
[2018-11-18 18:00:09][Mu4CEVonQTC5Xakbx6WWkABlcmNx4cAw] Processing: App\Mail\SubscriptionMail
[2018-11-18 18:00:10][H7JZyeZZADaGAZlTnBRgaq5nvDGCBkqs] Processed:  App\Mail\SubscriptionMail
[2018-11-18 18:00:10][Mu4CEVonQTC5Xakbx6WWkABlcmNx4cAw] Processed:  App\Mail\SubscriptionMail
[2018-11-18 18:01:04][FfCRPq1Ce77D7L1Q1XznkztFDX2TMk3e] Processing: App\Mail\SubscriptionMail
[2018-11-18 18:01:04][PHLDptGZVIEmqZ1YXfh66OT04ojVCBe6] Processing: App\Mail\SubscriptionMail
[2018-11-18 18:01:04][ugwgykQGpsuJyPebqhbWIVMdHybZT9wS] Processing: App\Mail\SubscriptionMail
[2018-11-18 18:01:05][FfCRPq1Ce77D7L1Q1XznkztFDX2TMk3e] Processed:  App\Mail\SubscriptionMail
[2018-11-18 18:01:05][PHLDptGZVIEmqZ1YXfh66OT04ojVCBe6] Processed:  App\Mail\SubscriptionMail
[2018-11-18 18:01:06][ugwgykQGpsuJyPebqhbWIVMdHybZT9wS] Processed:  App\Mail\SubscriptionMail
[2018-11-19 14:01:17][eQ4oCHNNbWe9e52ABAdfFdFNdajPdi3V] Processing: App\Jobs\SendMailJob
[2018-11-19 14:01:18][eQ4oCHNNbWe9e52ABAdfFdFNdajPdi3V] Processed:  App\Jobs\SendMailJob
[2018-11-19 14:13:41][tzs0gwnU4VVsEGmnv7fE2rrYVr007U2V] Processing: App\Jobs\IncrProductStock
[2018-11-19 14:13:41][qIU6iwck8iqIBkoUoylH2jZA1uMNJAul] Processing: App\Jobs\IncrProductStock
[2018-11-19 14:13:41][qIU6iwck8iqIBkoUoylH2jZA1uMNJAul] Processed:  App\Jobs\IncrProductStock
[2018-11-19 14:13:41][tzs0gwnU4VVsEGmnv7fE2rrYVr007U2V] Processed:  App\Jobs\IncrProductStock
[2018-11-19 14:15:56][N6HyV3bTEDpl3B4iMbGlOkItGwVrRsvI] Processing: App\Notifications\OrderToMail
[2018-11-19 14:16:00][N6HyV3bTEDpl3B4iMbGlOkItGwVrRsvI] Processed:  App\Notifications\OrderToMail
[2018-11-19 14:16:08][vlNzFZQJNo9MvfUsrvvD6O16ZWxy6MRD] Processing: App\Notifications\OrderToMail
[2018-11-19 14:16:11][vlNzFZQJNo9MvfUsrvvD6O16ZWxy6MRD] Processed:  App\Notifications\OrderToMail
[2018-11-19 15:44:27][Ed1O6LoKqXdiPPbw8uoZufDCegkBu4pZ] Processing: App\Jobs\IncrProductStock
[2018-11-19 15:44:27][Ed1O6LoKqXdiPPbw8uoZufDCegkBu4pZ] Processed:  App\Jobs\IncrProductStock
[2018-11-19 15:47:42][7WmJ3LDxzgBWYTC2omALIrPGehQKd2S7] Processing: App\Notifications\OrderToMail
[2018-11-19 15:47:46][7WmJ3LDxzgBWYTC2omALIrPGehQKd2S7] Processed:  App\Notifications\OrderToMail
[2018-11-19 15:48:30][3heuOPsn6FaDv1TPvQOQoLcviWJFyy0i] Processing: App\Notifications\OrderToMail
[2018-11-19 15:48:32][3heuOPsn6FaDv1TPvQOQoLcviWJFyy0i] Processed:  App\Notifications\OrderToMail
[2018-11-19 15:49:50][nbHvjbNnlYGHtyVRf8QQ8k1Gt131xV9S] Processing: App\Notifications\OrderToMail
[2018-11-19 15:49:50][p1OJaiqxwjLIbWIOrkx5DMOb40rsKqRs] Processing: App\Jobs\IncrProductCount
[2018-11-19 15:49:50][p1OJaiqxwjLIbWIOrkx5DMOb40rsKqRs] Processed:  App\Jobs\IncrProductCount
[2018-11-19 15:49:52][nbHvjbNnlYGHtyVRf8QQ8k1Gt131xV9S] Processed:  App\Notifications\OrderToMail
[2018-11-19 15:55:22][yrru9Rgd2aSgXdKHPXm2SBN8EcutkGmY] Processing: App\Notifications\OrderToMail
[2018-11-19 15:55:24][yrru9Rgd2aSgXdKHPXm2SBN8EcutkGmY] Processed:  App\Notifications\OrderToMail
[2018-11-19 15:55:30][7SwrBWvmPtWXcpukJz58UZt7ZTzKuivR] Processing: App\Notifications\OrderToMail
[2018-11-19 15:55:31][7SwrBWvmPtWXcpukJz58UZt7ZTzKuivR] Processed:  App\Notifications\OrderToMail
[2018-11-19 15:56:41][U4lKYhlklnM8TZY7XLfSDYtqCS19yFfC] Processing: App\Notifications\OrderToMail
[2018-11-19 15:56:41][7Sz4CYvvujdc77cIfOt8jchbvhtrmNEr] Processing: App\Jobs\IncrProductCount
[2018-11-19 15:56:41][7Sz4CYvvujdc77cIfOt8jchbvhtrmNEr] Processed:  App\Jobs\IncrProductCount
[2018-11-19 15:56:42][U4lKYhlklnM8TZY7XLfSDYtqCS19yFfC] Processed:  App\Notifications\OrderToMail
